6/13/2024 11:45:15 AM	This log contains information about the import schema operation into project 'DWH' on computer 'JUA1-L0031' by user 'Admin.emarquez'.
6/13/2024 11:45:15 AM	Import of database schema has started.
6/13/2024 11:45:24 AM	Gathering database credentials
6/13/2024 11:45:24 AM	Gathering database options
6/13/2024 11:45:24 AM	Gathering generic database scoped configuration option
6/13/2024 11:45:24 AM	Gathering users
6/13/2024 11:45:24 AM	Gathering roles
6/13/2024 11:45:24 AM	Gathering application roles
6/13/2024 11:45:24 AM	Gathering role memberships
6/13/2024 11:45:24 AM	Gathering filegroups
6/13/2024 11:45:24 AM	Gathering full-text catalogs
6/13/2024 11:45:24 AM	Gathering assemblies
6/13/2024 11:45:24 AM	Gathering certificates
6/13/2024 11:45:24 AM	Gathering asymmetric keys
6/13/2024 11:45:24 AM	Gathering symmetric keys
6/13/2024 11:45:24 AM	Gathering encrypted symmetric keys
6/13/2024 11:45:24 AM	Gathering schemas
6/13/2024 11:45:24 AM	Gathering XML schema collections
6/13/2024 11:45:24 AM	Gathering user-defined data types
6/13/2024 11:45:24 AM	Gathering user-defined types
6/13/2024 11:45:24 AM	Gathering table types
6/13/2024 11:45:24 AM	Gathering unique keys for table types
6/13/2024 11:45:24 AM	Gathering primary keys for table types
6/13/2024 11:45:24 AM	Gathering indexes for table types
6/13/2024 11:45:24 AM	Gathering check constraints for table types
6/13/2024 11:45:24 AM	Gathering default constraints for table types
6/13/2024 11:45:24 AM	Gathering partition functions
6/13/2024 11:45:24 AM	Gathering partition schemes
6/13/2024 11:45:24 AM	Gathering functions
6/13/2024 11:45:24 AM	Gathering encrypted functions
6/13/2024 11:45:24 AM	Gathering aggregates
6/13/2024 11:45:24 AM	Gathering procedures
6/13/2024 11:45:24 AM	Gathering encrypted procedures
6/13/2024 11:45:24 AM	Gathering tables
6/13/2024 11:45:24 AM	Gathering primary keys
6/13/2024 11:45:24 AM	Gathering unique constraints
6/13/2024 11:45:24 AM	Gathering foreign keys
6/13/2024 11:45:24 AM	Gathering default constraints
6/13/2024 11:45:24 AM	Gathering check constraints
6/13/2024 11:45:24 AM	Gathering views
6/13/2024 11:45:24 AM	Gathering encrypted views
6/13/2024 11:45:24 AM	Gathering indexes
6/13/2024 11:45:24 AM	Gathering statistics
6/13/2024 11:45:24 AM	Gathering full-text index stoplists
6/13/2024 11:45:24 AM	Gathering search property lists
6/13/2024 11:45:24 AM	Gathering search properties
6/13/2024 11:45:24 AM	Gathering full-text indexes
6/13/2024 11:45:24 AM	Gathering column store indexes
6/13/2024 11:45:24 AM	Gathering spatial indexes
6/13/2024 11:45:24 AM	Gathering XML indexes
6/13/2024 11:45:24 AM	Gathering Selective XML indexes
6/13/2024 11:45:24 AM	Gathering encrypted triggers
6/13/2024 11:45:24 AM	Gathering triggers
6/13/2024 11:45:24 AM	Gathering encrypted and clr ddl triggers
6/13/2024 11:45:24 AM	Gathering ddl triggers
6/13/2024 11:45:24 AM	Creating edge constraints
6/13/2024 11:45:24 AM	Gathering synonyms
6/13/2024 11:45:24 AM	Gathering defaults
6/13/2024 11:45:24 AM	Gathering data constraint uddt bindings
6/13/2024 11:45:24 AM	Gathering rules
6/13/2024 11:45:24 AM	Gathering data constraint uddt bindings
6/13/2024 11:45:24 AM	Gathering message types
6/13/2024 11:45:24 AM	Gathering queues
6/13/2024 11:45:24 AM	Gathering contracts
6/13/2024 11:45:24 AM	Gathering services
6/13/2024 11:45:24 AM	Gathering event notifications
6/13/2024 11:45:24 AM	Gathering remote service bindings
6/13/2024 11:45:24 AM	Gathering broker priorities
6/13/2024 11:45:24 AM	Gathering signatures
6/13/2024 11:45:24 AM	Gathering compression options
6/13/2024 11:45:24 AM	Gathering sequence types
6/13/2024 11:45:24 AM	Gathering security policies
6/13/2024 11:45:24 AM	Gather column encryption keys
6/13/2024 11:45:24 AM	Gathering column master keys
6/13/2024 11:45:24 AM	Gathering external data sources
6/13/2024 11:45:24 AM	Gathering external file formats
6/13/2024 11:45:24 AM	Gathering external tables
6/13/2024 11:45:24 AM	Gathering XML index compression options
6/13/2024 11:45:24 AM	Gathering extended properties
6/13/2024 11:45:24 AM	Gathering assemblies
6/13/2024 11:45:24 AM	Gathering credentials
6/13/2024 11:45:24 AM	Gathering logins
6/13/2024 11:45:24 AM	Gathering server audits
6/13/2024 11:45:24 AM	Scanning project for duplicate elements
6/13/2024 11:45:24 AM	Finished duplicate element processing
6/13/2024 11:45:25 AM	Finished importing database.
6/13/2024 11:45:25 AM	A summary of the import was saved to the following location: D:\0 - Apps\Databases\DWH\DWH\Import Schema Logs\DWH_20240613054515.log
6/13/2024 11:45:25 AM	Click Finish to continue...
